This is pdfTeX, Version 3.141592653-2.6-1.40.23 (TeX Live 2021) (preloaded format=pdflatex 2021.9.18)  29 SEP 2021 22:17
entering extended mode
 restricted \write18 enabled.
 %&-line parsing enabled.
**_main.tex
(./_main.tex
LaTeX2e <2021-06-01> patch level 1
L3 programming layer <2021-08-27> (./templates/ociamthesis.cls
Document Class: templates/ociamthesis 2015/04/30 Oxford thesis class
(/home/bttomio/.TinyTeX/texmf-dist/tex/latex/base/report.cls
Document Class: report 2021/02/12 v1.4n Standard LaTeX document class
(/home/bttomio/.TinyTeX/texmf-dist/tex/latex/base/size12.clo
File: size12.clo 2021/02/12 v1.4n Standard LaTeX file (size option)
)
\c@part=\count182
\c@chapter=\count183
\c@section=\count184
\c@subsection=\count185
\c@subsubsection=\count186
\c@paragraph=\count187
\c@subparagraph=\count188
\c@figure=\count189
\c@table=\count190
\abovecaptionskip=\skip47
\belowcaptionskip=\skip48
\bibindent=\dimen138
)
\singlebaselineskip=\skip49
\frontmatterbaselineskip=\skip50
\textbaselineskip=\skip51
\abstractseparatelineskip=\skip52
\abstractseparateparskip=\skip53
(/home/bttomio/.TinyTeX/texmf-dist/tex/latex/varwidth/varwidth.sty
Package: varwidth 2009/03/30 ver 0.92;  Variable-width minipages
\@vwid@box=\box50
\sift@deathcycles=\count191
\@vwid@loff=\dimen139
\@vwid@roff=\dimen140
) (/home/bttomio/.TinyTeX/texmf-dist/tex/latex/geometry/geometry.sty
Package: geometry 2020/01/02 v5.9 Page Geometry
(/home/bttomio/.TinyTeX/texmf-dist/tex/latex/graphics/keyval.sty
Package: keyval 2014/10/28 v1.15 key=value parser (DPC)
\KV@toks@=\toks16
) (/home/bttomio/.TinyTeX/texmf-dist/tex/generic/iftex/ifvtex.sty
Package: ifvtex 2019/10/25 v1.7 ifvtex legacy package. Use iftex instead.
(/home/bttomio/.TinyTeX/texmf-dist/tex/generic/iftex/iftex.sty
Package: iftex 2020/03/06 v1.0d TeX engine tests
))
\Gm@cnth=\count192
\Gm@cntv=\count193
\c@Gm@tempcnt=\count194
\Gm@bindingoffset=\dimen141
\Gm@wd@mp=\dimen142
\Gm@odd@mp=\dimen143
\Gm@even@mp=\dimen144
\Gm@layoutwidth=\dimen145
\Gm@layoutheight=\dimen146
\Gm@layouthoffset=\dimen147
\Gm@layoutvoffset=\dimen148
\Gm@dimlist=\toks17
) (/home/bttomio/.TinyTeX/texmf-dist/tex/latex/xcolor/xcolor.sty
Package: xcolor 2016/05/11 v2.12 LaTeX color extensions (UK)
(/home/bttomio/.TinyTeX/texmf-dist/tex/latex/graphics-cfg/color.cfg
File: color.cfg 2016/01/02 v1.6 sample color configuration
)
Package xcolor Info: Driver file: pdftex.def on input line 225.
(/home/bttomio/.TinyTeX/texmf-dist/tex/latex/graphics-def/pdftex.def
File: pdftex.def 2020/10/05 v1.2a Graphics/color driver for pdftex
)
Package xcolor Info: Model `cmy' substituted by `cmy0' on input line 1348.
Package xcolor Info: Model `hsb' substituted by `rgb' on input line 1352.
Package xcolor Info: Model `RGB' extended on input line 1364.
Package xcolor Info: Model `HTML' substituted by `rgb' on input line 1366.
Package xcolor Info: Model `Hsb' substituted by `hsb' on input line 1367.
Package xcolor Info: Model `tHsb' substituted by `hsb' on input line 1368.
Package xcolor Info: Model `HSB' substituted by `hsb' on input line 1369.
Package xcolor Info: Model `Gray' substituted by `gray' on input line 1370.
Package xcolor Info: Model `wave' substituted by `hsb' on input line 1371.
) (/home/bttomio/.TinyTeX/texmf-dist/tex/latex/graphics/graphicx.sty
Package: graphicx 2020/12/05 v1.2c Enhanced LaTeX Graphics (DPC,SPQR)
(/home/bttomio/.TinyTeX/texmf-dist/tex/latex/graphics/graphics.sty
Package: graphics 2021/03/04 v1.4d Standard LaTeX Graphics (DPC,SPQR)
(/home/bttomio/.TinyTeX/texmf-dist/tex/latex/graphics/trig.sty
Package: trig 2016/01/03 v1.10 sin cos tan (DPC)
) (/home/bttomio/.TinyTeX/texmf-dist/tex/latex/graphics-cfg/graphics.cfg
File: graphics.cfg 2016/06/04 v1.11 sample graphics configuration
)
Package graphics Info: Driver file: pdftex.def on input line 107.
)
\Gin@req@height=\dimen149
\Gin@req@width=\dimen150
) (/home/bttomio/.TinyTeX/texmf-dist/tex/latex/microtype/microtype.sty
Package: microtype 2021/03/14 v2.8c Micro-typographical refinements (RS)
\MT@toks=\toks18
\MT@count=\count195
LaTeX Info: Redefining \textls on input line 790.
\MT@outer@kern=\dimen151
LaTeX Info: Redefining \textmicrotypecontext on input line 1374.
\MT@listname@count=\count196
(/home/bttomio/.TinyTeX/texmf-dist/tex/latex/microtype/microtype-pdftex.def
File: microtype-pdftex.def 2021/03/14 v2.8c Definitions specific to pdftex (RS)

LaTeX Info: Redefining \lsstyle on input line 915.
LaTeX Info: Redefining \lslig on input line 915.
\MT@outer@space=\skip54
)
Package microtype Info: Loading configuration file microtype.cfg.
(/home/bttomio/.TinyTeX/texmf-dist/tex/latex/microtype/microtype.cfg
File: microtype.cfg 2021/03/14 v2.8c microtype main configuration file (RS)
)) (/home/bttomio/.TinyTeX/texmf-dist/tex/latex/units/nicefrac.sty
Package: nicefrac 1998/08/04 v0.9b Nice fractions
\L@UnitsRaiseDisplaystyle=\skip55
\L@UnitsRaiseTextstyle=\skip56
\L@UnitsRaiseScriptstyle=\skip57
(/home/bttomio/.TinyTeX/texmf-dist/tex/latex/base/ifthen.sty
Package: ifthen 2020/11/24 v1.1c Standard LaTeX ifthen package (DPC)
)) (/home/bttomio/.TinyTeX/texmf-dist/tex/latex/amsmath/amsmath.sty
Package: amsmath 2021/04/20 v2.17j AMS math features
\@mathmargin=\skip58
For additional information on amsmath, use the `?' option.
(/home/bttomio/.TinyTeX/texmf-dist/tex/latex/amsmath/amstext.sty
Package: amstext 2000/06/29 v2.01 AMS text
(/home/bttomio/.TinyTeX/texmf-dist/tex/latex/amsmath/amsgen.sty
File: amsgen.sty 1999/11/30 v2.0 generic functions
\@emptytoks=\toks19
\ex@=\dimen152
)) (/home/bttomio/.TinyTeX/texmf-dist/tex/latex/amsmath/amsbsy.sty
Package: amsbsy 1999/11/29 v1.2d Bold Symbols
\pmbraise@=\dimen153
) (/home/bttomio/.TinyTeX/texmf-dist/tex/latex/amsmath/amsopn.sty
Package: amsopn 2016/03/08 v2.02 operator names
)
\inf@bad=\count197
LaTeX Info: Redefining \frac on input line 234.
\uproot@=\count198
\leftroot@=\count199
LaTeX Info: Redefining \overline on input line 399.
\classnum@=\count266
\DOTSCASE@=\count267
LaTeX Info: Redefining \ldots on input line 496.
LaTeX Info: Redefining \dots on input line 499.
LaTeX Info: Redefining \cdots on input line 620.
\Mathstrutbox@=\box51
\strutbox@=\box52
\big@size=\dimen154
LaTeX Font Info:    Redeclaring font encoding OML on input line 743.
LaTeX Font Info:    Redeclaring font encoding OMS on input line 744.
\macc@depth=\count268
\c@MaxMatrixCols=\count269
\dotsspace@=\muskip16
\c@parentequation=\count270
\dspbrk@lvl=\count271
\tag@help=\toks20
\row@=\count272
\column@=\count273
\maxfields@=\count274
\andhelp@=\toks21
\eqnshift@=\dimen155
\alignsep@=\dimen156
\tagshift@=\dimen157
\tagwidth@=\dimen158
\totwidth@=\dimen159
\lineht@=\dimen160
\@envbody=\toks22
\multlinegap=\skip59
\multlinetaggap=\skip60
\mathdisplay@stack=\toks23
LaTeX Info: Redefining \[ on input line 2923.
LaTeX Info: Redefining \] on input line 2924.
) (/home/bttomio/.TinyTeX/texmf-dist/tex/latex/amsfonts/amssymb.sty
Package: amssymb 2013/01/14 v3.01 AMS font symbols
(/home/bttomio/.TinyTeX/texmf-dist/tex/latex/amsfonts/amsfonts.sty
Package: amsfonts 2013/01/14 v3.01 Basic AMSFonts support
\symAMSa=\mathgroup4
\symAMSb=\mathgroup5
LaTeX Font Info:    Redeclaring math symbol \hbar on input line 98.
LaTeX Font Info:    Overwriting math alphabet `\mathfrak' in version `bold'
(Font)                  U/euf/m/n --> U/euf/b/n on input line 106.
)) (/home/bttomio/.TinyTeX/texmf-dist/tex/latex/base/textcomp.sty
Package: textcomp 2020/02/02 v2.0n Standard LaTeX package
) (/home/bttomio/.TinyTeX/texmf-dist/tex/latex/tools/longtable.sty
Package: longtable 2021-05-07 v4.16 Multi-page Table package (DPC)
\LTleft=\skip61
\LTright=\skip62
\LTpre=\skip63
\LTpost=\skip64
\LTchunksize=\count275
\LTcapwidth=\dimen161
\LT@head=\box53
\LT@firsthead=\box54
\LT@foot=\box55
\LT@lastfoot=\box56
\LT@gbox=\box57
\LT@cols=\count276
\LT@rows=\count277
\c@LT@tables=\count278
\c@LT@chunks=\count279
\LT@p@ftn=\toks24
) (/home/bttomio/.TinyTeX/texmf-dist/tex/latex/caption/caption.sty
Package: caption 2020/10/26 v3.5g Customizing captions (AR)
(/home/bttomio/.TinyTeX/texmf-dist/tex/latex/caption/caption3.sty
Package: caption3 2020/10/21 v2.2e caption3 kernel (AR)
\captionmargin=\dimen162
\captionmargin@=\dimen163
\captionwidth=\dimen164
\caption@tempdima=\dimen165
\caption@indent=\dimen166
\caption@parindent=\dimen167
\caption@hangindent=\dimen168
Package caption Info: Standard document class detected.
)
\c@caption@flags=\count280
\c@continuedfloat=\count281
Package caption Info: longtable package is loaded.
(/home/bttomio/.TinyTeX/texmf-dist/tex/latex/caption/ltcaption.sty
Package: ltcaption 2020/05/30 v1.4b longtable captions (AR)
)) (/home/bttomio/.TinyTeX/texmf-dist/tex/latex/tools/multicol.sty
Package: multicol 2019/12/09 v1.8y multicolumn formatting (FMi)
\c@tracingmulticols=\count282
\mult@box=\box58
\multicol@leftmargin=\dimen169
\c@unbalance=\count283
\c@collectmore=\count284
\doublecol@number=\count285
\multicoltolerance=\count286
\multicolpretolerance=\count287
\full@width=\dimen170
\page@free=\dimen171
\premulticols=\dimen172
\postmulticols=\dimen173
\multicolsep=\skip65
\multicolbaselineskip=\skip66
\partial@page=\box59
\last@line=\box60
\maxbalancingoverflow=\dimen174
\mult@rightbox=\box61
\mult@grightbox=\box62
\mult@gfirstbox=\box63
\mult@firstbox=\box64
\@tempa=\box65
\@tempa=\box66
\@tempa=\box67
\@tempa=\box68
\@tempa=\box69
\@tempa=\box70
\@tempa=\box71
\@tempa=\box72
\@tempa=\box73
\@tempa=\box74
\@tempa=\box75
\@tempa=\box76
\@tempa=\box77
\@tempa=\box78
\@tempa=\box79
\@tempa=\box80
\@tempa=\box81
\@tempa=\box82
\@tempa=\box83
\@tempa=\box84
\@tempa=\box85
\@tempa=\box86
\@tempa=\box87
\@tempa=\box88
\@tempa=\box89
\@tempa=\box90
\@tempa=\box91
\@tempa=\box92
\@tempa=\box93
\@tempa=\box94
\@tempa=\box95
\@tempa=\box96
\@tempa=\box97
\@tempa=\box98
\@tempa=\box99
\@tempa=\box100
\@tempa=\box101
\c@minrows=\count288
\c@columnbadness=\count289
\c@finalcolumnbadness=\count290
\last@try=\dimen175
\multicolovershoot=\dimen176
\multicolundershoot=\dimen177
\mult@nat@firstbox=\box102
\colbreak@box=\box103
\mc@col@check@num=\count291
) (/home/bttomio/.TinyTeX/texmf-dist/tex/latex/multirow/multirow.sty
Package: multirow 2021/03/15 v2.8 Span multiple rows of a table
\multirow@colwidth=\skip67
\multirow@cntb=\count292
\multirow@dima=\skip68
\bigstrutjot=\dimen178
) (/home/bttomio/.TinyTeX/texmf-dist/tex/latex/tools/array.sty
Package: array 2021/04/20 v2.5e Tabular extension package (FMi)
\col@sep=\dimen179
\ar@mcellbox=\box104
\extrarowheight=\dimen180
\NC@list=\toks25
\extratabsurround=\skip69
\backup@length=\skip70
\ar@cellbox=\box105
) (/home/bttomio/.TinyTeX/texmf-dist/tex/latex/graphics/rotating.sty
Package: rotating 2016/08/11 v2.16d rotated objects in LaTeX
\c@r@tfl@t=\count293
\rotFPtop=\skip71
\rotFPbot=\skip72
\rot@float@box=\box106
\rot@mess@toks=\toks26
) (/home/bttomio/.TinyTeX/texmf-dist/tex/latex/booktabs/booktabs.sty
Package: booktabs 2020/01/12 v1.61803398 Publication quality tables
\heavyrulewidth=\dimen181
\lightrulewidth=\dimen182
\cmidrulewidth=\dimen183
\belowrulesep=\dimen184
\belowbottomsep=\dimen185
\aboverulesep=\dimen186
\abovetopsep=\dimen187
\cmidrulesep=\dimen188
\cmidrulekern=\dimen189
\defaultaddspace=\dimen190
\@cmidla=\count294
\@cmidlb=\count295
\@aboverulesep=\dimen191
\@belowrulesep=\dimen192
\@thisruleclass=\count296
\@lastruleclass=\count297
\@thisrulewidth=\dimen193
) (/home/bttomio/.TinyTeX/texmf-dist/tex/latex/pdfpages/pdfpages.sty
Package: pdfpages 2021/03/06 v0.5t Insert pages of external PDF documents (AM)
(/home/bttomio/.TinyTeX/texmf-dist/tex/latex/tools/calc.sty
Package: calc 2017/05/25 v4.3 Infix arithmetic (KKT,FJ)
\calc@Acount=\count298
\calc@Bcount=\count299
\calc@Adimen=\dimen194
\calc@Bdimen=\dimen195
\calc@Askip=\skip73
\calc@Bskip=\skip74
LaTeX Info: Redefining \setlength on input line 80.
LaTeX Info: Redefining \addtolength on input line 81.
\calc@Ccount=\count300
\calc@Cskip=\skip75
) (/home/bttomio/.TinyTeX/texmf-dist/tex/latex/eso-pic/eso-pic.sty
Package: eso-pic 2020/10/14 v3.0a eso-pic (RN)
\ESO@tempdima=\dimen196
\ESO@tempdimb=\dimen197
)
\AM@pagewidth=\dimen198
\AM@pageheight=\dimen199
\AM@fboxrule=\dimen256
(/home/bttomio/.TinyTeX/texmf-dist/tex/latex/pdfpages/pppdftex.def
File: pppdftex.def 2021/03/06 v0.5t Pdfpages driver for pdfTeX (AM)
)
\pdfpages@includegraphics@status=\count301
\AM@pagebox=\box107
\AM@global@opts=\toks27
\AM@pagecnt=\count302
\AM@toc@title=\toks28
\c@AM@survey=\count303
\AM@templatesizebox=\box108
) (/home/bttomio/.TinyTeX/texmf-dist/tex/latex/l3packages/xfrac/xfrac.sty (/hom
e/bttomio/.TinyTeX/texmf-dist/tex/latex/l3kernel/expl3.sty
Package: expl3 2021-08-27 L3 programming layer (loader) 
(/home/bttomio/.TinyTeX/texmf-dist/tex/latex/l3backend/l3backend-pdftex.def
File: l3backend-pdftex.def 2021-08-04 L3 backend support: PDF output (pdfTeX)
\l__color_backend_stack_int=\count304
\l__pdf_internal_box=\box109
)) (/home/bttomio/.TinyTeX/texmf-dist/tex/latex/l3packages/l3keys2e/l3keys2e.st
y
Package: l3keys2e 2021-08-27 LaTeX2e option processing using LaTeX3 keys
) (/home/bttomio/.TinyTeX/texmf-dist/tex/latex/l3packages/xparse/xparse.sty
Package: xparse 2021-08-27 L3 Experimental document command parser
)
(/home/bttomio/.TinyTeX/texmf-dist/tex/latex/l3packages/xtemplate/xtemplate.sty
Package: xtemplate 2021-08-27 L3 Experimental prototype document functions
\l__xtemplate_tmp_dim=\dimen257
\l__xtemplate_tmp_int=\count305
\l__xtemplate_tmp_muskip=\muskip17
\l__xtemplate_tmp_skip=\skip76
)
Package: xfrac 2021-08-27 L3 Experimental split-level fractions
\l__xfrac_slash_box=\box110
\l__xfrac_tmp_box=\box111
\l__xfrac_denominator_bot_sep_dim=\dimen258
\l__xfrac_numerator_bot_sep_dim=\dimen259
\l__xfrac_numerator_top_sep_dim=\dimen260
\l__xfrac_slash_left_sep_dim=\dimen261
\l__xfrac_slash_right_sep_dim=\dimen262
\l__xfrac_slash_left_muskip=\muskip18
\l__xfrac_slash_right_muskip=\muskip19

Package xtemplate Info: Declaring object type 'xfrac' taking 3 argument(s) on
(xtemplate)             line 80.

) (/home/bttomio/.TinyTeX/texmf-dist/tex/latex/enumitem/enumitem.sty
Package: enumitem 2019/06/20 v3.9 Customized lists
\labelindent=\skip77
\enit@outerparindent=\dimen263
\enit@toks=\toks29
\enit@inbox=\box112
\enit@count@id=\count306
\enitdp@description=\count307
) (/home/bttomio/.TinyTeX/texmf-dist/tex/latex/tools/dcolumn.sty
Package: dcolumn 2014/10/28 v1.06 decimal alignment package (DPC)
) (/home/bttomio/.TinyTeX/texmf-dist/tex/latex/appendix/appendix.sty
Package: appendix 2020/02/08 v1.2c extra appendix facilities
\c@@pps=\count308
\c@@ppsavesec=\count309
\c@@ppsaveapp=\count310
) (/home/bttomio/.TinyTeX/texmf-dist/tex/latex/notoccite/notoccite.sty
Package: notoccite 2000/07/20
) (/home/bttomio/.TinyTeX/texmf-dist/tex/latex/minitoc/minitoc.sty
Package: minitoc 2018/07/12 v62 Package minitoc
(/home/bttomio/.TinyTeX/texmf-dist/tex/latex/minitoc/mtcmess.sty
Package: mtcmess 2006/03/14
)
Package minitoc Info: I0001
(minitoc)             *** minitoc package, version 62 ***.
\tf@mtc=\write3
\mtcindent=\skip78
\mtcskipamount=\skip79
Package minitoc Info: I0005
(minitoc)             compatible with hyperref.
Package minitoc Info: I0023
(minitoc)             part level macros available.
Package minitoc Info: I0003
(minitoc)             chapter level macros available.
\mtc@toks=\toks30
\mtc@strutbox=\box113
\mtc@hstrutbox=\box114
Package minitoc Info: I0002
(minitoc)             Autoconfiguration of extensions.
\openout3 = `_main.mtc0'.

\openout3 = `_main.mtc'.

(./_main.mtc0)
Package minitoc Info: I0012
(minitoc)             Long extensions (Unix-like) will be used.
Package minitoc Info: I0031
(minitoc)             ==> this version is configured for UNIX-like 
(minitoc)                 (long extensions) file names.
\openout3 = `_main.mtc'.

\openout3 = `_main.mtc0'.

\c@mtc=\count311
\c@minitocdepth=\count312
\c@ptc=\count313
\c@parttocdepth=\count314
\ptcindent=\skip80
Package minitoc Info: I0010
(minitoc)             The english language is selected.
(minitoc)              on input line 4910.
(/home/bttomio/.TinyTeX/texmf-dist/tex/latex/minitoc/english.mld
File: english.mld 2006/01/13
) (/home/bttomio/.TinyTeX/texmf-dist/tex/latex/minitoc/english.mld
File: english.mld 2006/01/13
)) (/home/bttomio/.TinyTeX/texmf-dist/tex/latex/quotchap/quotchap.sty
Package: quotchap 2020/11/13 v1.3 Decorative Chapter Headings with Quotes
\@quotebox=\box115
) (/home/bttomio/.TinyTeX/texmf-dist/tex/latex/tocbibind/tocbibind.sty
Package: tocbibind 2010/10/13 v1.5k extra ToC listings
Package tocbibind Info: The document has chapter divisions on input line 50.

Package tocbibind Note: Using chapter style headings, unless overridden.

) (/home/bttomio/.TinyTeX/texmf-dist/tex/latex/lm/lmodern.sty
Package: lmodern 2015/05/01 v1.6.1 Latin Modern Fonts
LaTeX Font Info:    Overwriting symbol font `operators' in version `normal'
(Font)                  OT1/cmr/m/n --> OT1/lmr/m/n on input line 22.
LaTeX Font Info:    Overwriting symbol font `letters' in version `normal'
(Font)                  OML/cmm/m/it --> OML/lmm/m/it on input line 23.
LaTeX Font Info:    Overwriting symbol font `symbols' in version `normal'
(Font)                  OMS/cmsy/m/n --> OMS/lmsy/m/n on input line 24.
LaTeX Font Info:    Overwriting symbol font `largesymbols' in version `normal'
(Font)                  OMX/cmex/m/n --> OMX/lmex/m/n on input line 25.
LaTeX Font Info:    Overwriting symbol font `operators' in version `bold'
(Font)                  OT1/cmr/bx/n --> OT1/lmr/bx/n on input line 26.
LaTeX Font Info:    Overwriting symbol font `letters' in version `bold'
(Font)                  OML/cmm/b/it --> OML/lmm/b/it on input line 27.
LaTeX Font Info:    Overwriting symbol font `symbols' in version `bold'
(Font)                  OMS/cmsy/b/n --> OMS/lmsy/b/n on input line 28.
LaTeX Font Info:    Overwriting symbol font `largesymbols' in version `bold'
(Font)                  OMX/cmex/m/n --> OMX/lmex/m/n on input line 29.
LaTeX Font Info:    Overwriting math alphabet `\mathbf' in version `normal'
(Font)                  OT1/cmr/bx/n --> OT1/lmr/bx/n on input line 31.
LaTeX Font Info:    Overwriting math alphabet `\mathsf' in version `normal'
(Font)                  OT1/cmss/m/n --> OT1/lmss/m/n on input line 32.
LaTeX Font Info:    Overwriting math alphabet `\mathit' in version `normal'
(Font)                  OT1/cmr/m/it --> OT1/lmr/m/it on input line 33.
LaTeX Font Info:    Overwriting math alphabet `\mathtt' in version `normal'
(Font)                  OT1/cmtt/m/n --> OT1/lmtt/m/n on input line 34.
LaTeX Font Info:    Overwriting math alphabet `\mathbf' in version `bold'
(Font)                  OT1/cmr/bx/n --> OT1/lmr/bx/n on input line 35.
LaTeX Font Info:    Overwriting math alphabet `\mathsf' in version `bold'
(Font)                  OT1/cmss/bx/n --> OT1/lmss/bx/n on input line 36.
LaTeX Font Info:    Overwriting math alphabet `\mathit' in version `bold'
(Font)                  OT1/cmr/bx/it --> OT1/lmr/bx/it on input line 37.
LaTeX Font Info:    Overwriting math alphabet `\mathtt' in version `bold'
(Font)                  OT1/cmtt/m/n --> OT1/lmtt/m/n on input line 38.
) (/home/bttomio/.TinyTeX/texmf-dist/tex/latex/base/fontenc.sty
Package: fontenc 2021/04/29 v2.0v Standard LaTeX package
(/home/bttomio/.TinyTeX/texmf-dist/tex/latex/greek-fontenc/lgrenc.def
File: lgrenc.def 2020/10/13 2.0 LGR Greek font encoding definitions
Now handling font encoding LGR ...
... no UTF-8 mapping file for font encoding LGR
(/home/bttomio/.TinyTeX/texmf-dist/tex/latex/greek-fontenc/greek-fontenc.def
File: greek-fontenc.def 2020/10/30 2.0 Common Greek font encoding definitions
))
LaTeX Font Info:    Trying to load font information for T1+lmr on input line 11
2.
(/home/bttomio/.TinyTeX/texmf-dist/tex/latex/lm/t1lmr.fd
File: t1lmr.fd 2015/05/01 v1.6.1 Font defs for Latin Modern
)) (/home/bttomio/.TinyTeX/texmf-dist/tex/latex/base/inputenc.sty
Package: inputenc 2021/02/14 v1.3d Input encoding file
\inpenc@prehook=\toks31
\inpenc@posthook=\toks32
) (/home/bttomio/.TinyTeX/texmf-dist/tex/generic/babel/babel.sty
Package: babel 2021/07/22 3.63 The Babel package
(/home/bttomio/.TinyTeX/texmf-dist/tex/generic/babel/babel.def
File: babel.def 2021/07/22 3.63 Babel common definitions
\babel@savecnt=\count315
\U@D=\dimen264
\l@unhyphenated=\language8
(/home/bttomio/.TinyTeX/texmf-dist/tex/generic/babel/txtbabel.def)
\bbl@readstream=\read2
)
\bbl@dirlevel=\count316
(/home/bttomio/.TinyTeX/texmf-dist/tex/generic/babel-greek/greek.ldf
Language: greek 2020/11/10 v1.10 Greek support for the babel system
Package babel Info: Hyphen rules for 'ancientgreek' set to \l@english
(babel)             (\language0). Reported on input line 49.
\bbl@monogreek=\count317
\bbl@polygreek=\count318
\bbl@ancientgreek=\count319
LaTeX Info: Redefining \& on input line 125.
) (/home/bttomio/.TinyTeX/texmf-dist/tex/generic/babel-latin/latin.ldf
Language: latin 2021-06-27 v4.0 Latin support from the babel system
Package babel Info: Making " an active character on input line 135.
) (/home/bttomio/.TinyTeX/texmf-dist/tex/generic/babel-english/english.ldf
Language: english 2017/06/06 v3.3r English support from the babel system
Package babel Info: Hyphen rules for 'british' set to \l@english
(babel)             (\language0). Reported on input line 82.
Package babel Info: Hyphen rules for 'UKenglish' set to \l@english
(babel)             (\language0). Reported on input line 83.
Package babel Info: Hyphen rules for 'canadian' set to \l@english
(babel)             (\language0). Reported on input line 102.
Package babel Info: Hyphen rules for 'australian' set to \l@english
(babel)             (\language0). Reported on input line 105.
Package babel Info: Hyphen rules for 'newzealand' set to \l@english
(babel)             (\language0). Reported on input line 108.
)) (/home/bttomio/.TinyTeX/texmf-dist/tex/latex/csquotes/csquotes.sty
Package: csquotes 2021-02-22 v5.2l context-sensitive quotations (JAW)
(/home/bttomio/.TinyTeX/texmf-dist/tex/latex/etoolbox/etoolbox.sty
Package: etoolbox 2020/10/05 v2.5k e-TeX tools for LaTeX (JAW)
\etb@tempcnta=\count320
)
\csq@reset=\count321
\csq@gtype=\count322
\csq@glevel=\count323
\csq@qlevel=\count324
\csq@maxlvl=\count325
\csq@tshold=\count326
\csq@ltx@everypar=\toks33
(/home/bttomio/.TinyTeX/texmf-dist/tex/latex/csquotes/csquotes.def
File: csquotes.def 2021-02-22 v5.2l csquotes generic definitions (JAW)
)
Package csquotes Info: Trying to load configuration file 'csquotes.cfg'...
Package csquotes Info: ... configuration file loaded successfully.
(/home/bttomio/.TinyTeX/texmf-dist/tex/latex/csquotes/csquotes.cfg
File: csquotes.cfg 
))
\mccurrentbaselineskip=\skip81
\mccurrentparskip=\skip82
\mccurrentparindent=\skip83
(/home/bttomio/.TinyTeX/texmf-dist/tex/latex/framed/framed.sty
Package: framed 2011/10/22 v 0.96: framed or shaded text with page breaks
\OuterFrameSep=\skip84
\fb@frw=\dimen265
\fb@frh=\dimen266
\FrameRule=\dimen267
\FrameSep=\dimen268
) (/home/bttomio/.TinyTeX/texmf-dist/tex/generic/soul/soul.sty
Package: soul 2003/11/17 v2.4 letterspacing/underlining (mf)
\SOUL@word=\toks34
\SOUL@lasttoken=\toks35
\SOUL@cmds=\toks36
\SOUL@buffer=\toks37
\SOUL@token=\toks38
\SOUL@spaceskip=\skip85
\SOUL@ttwidth=\dimen269
\SOUL@uldp=\dimen270
\SOUL@ulht=\dimen271
)) (/home/bttomio/.TinyTeX/texmf-dist/tex/latex/wrapfig/wrapfig.sty
\wrapoverhang=\dimen272
\WF@size=\dimen273
\c@WF@wrappedlines=\count327
\WF@box=\box116
\WF@everypar=\toks39
Package: wrapfig 2003/01/31  v 3.6
) (/home/bttomio/.TinyTeX/texmf-dist/tex/latex/colortbl/colortbl.sty
Package: colortbl 2020/01/04 v1.0e Color table columns (DPC)
\everycr=\toks40
\minrowclearance=\skip86
) (/home/bttomio/.TinyTeX/texmf-dist/tex/latex/pdflscape/pdflscape.sty
Package: pdflscape 2019/12/05 v0.12 Display of landscape pages in PDF (HO)
(/home/bttomio/.TinyTeX/texmf-dist/tex/latex/graphics/lscape.sty
Package: lscape 2020/05/28 v3.02 Landscape Pages (DPC)
)
Package pdflscape Info: Auto-detected driver: pdftex on input line 81.
) (/home/bttomio/.TinyTeX/texmf-dist/tex/latex/tabu/tabu.sty
Package: tabu 2019/01/11 v2.9 - flexible LaTeX tabulars (FC+tabu-fixed)
\c@taburow=\count328
\tabu@nbcols=\count329
\tabu@cnt=\count330
\tabu@Xcol=\count331
\tabu@alloc=\count332
\tabu@nested=\count333
\tabu@target=\dimen274
\tabu@spreadtarget=\dimen275
\tabu@naturalX=\dimen276
\tabucolX=\dimen277
\tabu@Xsum=\dimen278
\extrarowdepth=\dimen279
\abovetabulinesep=\dimen280
\belowtabulinesep=\dimen281
\tabustrutrule=\dimen282
\tabu@thebody=\toks41
\tabu@footnotes=\toks42
\tabu@box=\box117
\tabu@arstrutbox=\box118
\tabu@hleads=\box119
\tabu@vleads=\box120
\tabu@cellskip=\skip87
) (/home/bttomio/.TinyTeX/texmf-dist/tex/latex/threeparttable/threeparttable.st
y
Package: threeparttable 2003/06/13  v 3.0
\@tempboxb=\box121
)
(/home/bttomio/.TinyTeX/texmf-dist/tex/latex/threeparttablex/threeparttablex.st
y
Package: threeparttablex 2013/07/23 v0.3 by daleif
(/home/bttomio/.TinyTeX/texmf-dist/tex/latex/environ/environ.sty
Package: environ 2014/05/04 v0.3 A new way to define environments
(/home/bttomio/.TinyTeX/texmf-dist/tex/latex/trimspaces/trimspaces.sty
Package: trimspaces 2009/09/17 v1.1 Trim spaces around a token list
))
\TPTL@width=\skip88
) (/home/bttomio/.TinyTeX/texmf-dist/tex/generic/ulem/ulem.sty
\UL@box=\box122
\UL@hyphenbox=\box123
\UL@skip=\skip89
\UL@hook=\toks43
\UL@height=\dimen283
\UL@pe=\count334
\UL@pixel=\dimen284
\ULC@box=\box124
Package: ulem 2019/11/18
\ULdepth=\dimen285
) (/home/bttomio/.TinyTeX/texmf-dist/tex/latex/makecell/makecell.sty
Package: makecell 2009/08/03 V0.1e Managing of Tab Column Heads and Cells
\rotheadsize=\dimen286
\c@nlinenum=\count335
\TeXr@lab=\toks44
) (/home/bttomio/.TinyTeX/texmf-dist/tex/latex/hyperref/hyperref.sty
Package: hyperref 2021-06-07 v7.00m Hypertext links for LaTeX
(/home/bttomio/.TinyTeX/texmf-dist/tex/generic/ltxcmds/ltxcmds.sty
Package: ltxcmds 2020-05-10 v1.25 LaTeX kernel commands for general use (HO)
) (/home/bttomio/.TinyTeX/texmf-dist/tex/generic/pdftexcmds/pdftexcmds.sty
Package: pdftexcmds 2020-06-27 v0.33 Utility functions of pdfTeX for LuaTeX (HO
)
(/home/bttomio/.TinyTeX/texmf-dist/tex/generic/infwarerr/infwarerr.sty
Package: infwarerr 2019/12/03 v1.5 Providing info/warning/error messages (HO)
)
Package pdftexcmds Info: \pdf@primitive is available.
Package pdftexcmds Info: \pdf@ifprimitive is available.
Package pdftexcmds Info: \pdfdraftmode found.
) (/home/bttomio/.TinyTeX/texmf-dist/tex/generic/kvsetkeys/kvsetkeys.sty
Package: kvsetkeys 2019/12/15 v1.18 Key value parser (HO)
) (/home/bttomio/.TinyTeX/texmf-dist/tex/generic/kvdefinekeys/kvdefinekeys.sty
Package: kvdefinekeys 2019-12-19 v1.6 Define keys (HO)
) (/home/bttomio/.TinyTeX/texmf-dist/tex/generic/pdfescape/pdfescape.sty
Package: pdfescape 2019/12/09 v1.15 Implements pdfTeX's escape features (HO)
) (/home/bttomio/.TinyTeX/texmf-dist/tex/latex/hycolor/hycolor.sty
Package: hycolor 2020-01-27 v1.10 Color options for hyperref/bookmark (HO)
) (/home/bttomio/.TinyTeX/texmf-dist/tex/latex/letltxmacro/letltxmacro.sty
Package: letltxmacro 2019/12/03 v1.6 Let assignment for LaTeX macros (HO)
) (/home/bttomio/.TinyTeX/texmf-dist/tex/latex/auxhook/auxhook.sty
Package: auxhook 2019-12-17 v1.6 Hooks for auxiliary files (HO)
) (/home/bttomio/.TinyTeX/texmf-dist/tex/latex/kvoptions/kvoptions.sty
Package: kvoptions 2020-10-07 v3.14 Key value format for package options (HO)
)
\@linkdim=\dimen287
\Hy@linkcounter=\count336
\Hy@pagecounter=\count337
(/home/bttomio/.TinyTeX/texmf-dist/tex/latex/hyperref/pd1enc.def
File: pd1enc.def 2021-06-07 v7.00m Hyperref: PDFDocEncoding definition (HO)
Now handling font encoding PD1 ...
... no UTF-8 mapping file for font encoding PD1
) (/home/bttomio/.TinyTeX/texmf-dist/tex/latex/hyperref/hyperref-langpatches.de
f
File: hyperref-langpatches.def 2021-06-07 v7.00m Hyperref: patches for babel la
nguages
) (/home/bttomio/.TinyTeX/texmf-dist/tex/generic/intcalc/intcalc.sty
Package: intcalc 2019/12/15 v1.3 Expandable calculations with integers (HO)
) (/home/bttomio/.TinyTeX/texmf-dist/tex/generic/etexcmds/etexcmds.sty
Package: etexcmds 2019/12/15 v1.7 Avoid name clashes with e-TeX commands (HO)
)
\Hy@SavedSpaceFactor=\count338
(/home/bttomio/.TinyTeX/texmf-dist/tex/latex/hyperref/puenc.def
File: puenc.def 2021-06-07 v7.00m Hyperref: PDF Unicode definition (HO)
Now handling font encoding PU ...
... no UTF-8 mapping file for font encoding PU
(/home/bttomio/.TinyTeX/texmf-dist/tex/latex/hyperref/puenc-greekbasic.def
File: puenc-greekbasic.def 2021-06-07 v7.00m Hyperref: PDF Unicode definition (
greek block) (HO)
))
Package hyperref Info: Option `colorlinks' set `true' on input line 4073.
Package hyperref Info: Option `pdfpagelabels' set `true' on input line 4073.
Package hyperref Info: Hyper figures OFF on input line 4192.
Package hyperref Info: Link nesting OFF on input line 4197.
Package hyperref Info: Hyper index ON on input line 4200.
Package hyperref Info: Plain pages OFF on input line 4207.
Package hyperref Info: Backreferencing OFF on input line 4212.
Package hyperref Info: Implicit mode ON; LaTeX internals redefined.
Package hyperref Info: Bookmarks ON on input line 4445.
\c@Hy@tempcnt=\count339
(/home/bttomio/.TinyTeX/texmf-dist/tex/latex/url/url.sty
\Urlmuskip=\muskip20
Package: url 2013/09/16  ver 3.4  Verb mode for urls, etc.
)
LaTeX Info: Redefining \url on input line 4804.
\XeTeXLinkMargin=\dimen288
(/home/bttomio/.TinyTeX/texmf-dist/tex/generic/bitset/bitset.sty
Package: bitset 2019/12/09 v1.3 Handle bit-vector datatype (HO)
(/home/bttomio/.TinyTeX/texmf-dist/tex/generic/bigintcalc/bigintcalc.sty
Package: bigintcalc 2019/12/15 v1.5 Expandable calculations on big integers (HO
)
))
\Fld@menulength=\count340
\Field@Width=\dimen289
\Fld@charsize=\dimen290
Package hyperref Info: Hyper figures OFF on input line 6076.
Package hyperref Info: Link nesting OFF on input line 6081.
Package hyperref Info: Hyper index ON on input line 6084.
Package hyperref Info: backreferencing OFF on input line 6091.
Package hyperref Info: Link coloring ON on input line 6094.
Package hyperref Info: Link coloring with OCG OFF on input line 6101.
Package hyperref Info: PDF/A mode OFF on input line 6106.
LaTeX Info: Redefining \ref on input line 6146.
LaTeX Info: Redefining \pageref on input line 6150.
(/home/bttomio/.TinyTeX/texmf-dist/tex/latex/base/atbegshi-ltx.sty
Package: atbegshi-ltx 2021/01/10 v1.0c Emulation of the original atbegshi
package with kernel methods
)
\Hy@abspage=\count341
\c@Item=\count342
\c@Hfootnote=\count343
)
Package hyperref Info: Driver (autodetected): hpdftex.
(/home/bttomio/.TinyTeX/texmf-dist/tex/latex/hyperref/hpdftex.def
File: hpdftex.def 2021-06-07 v7.00m Hyperref driver for pdfTeX
(/home/bttomio/.TinyTeX/texmf-dist/tex/latex/base/atveryend-ltx.sty
Package: atveryend-ltx 2020/08/19 v1.0a Emulation of the original atvery packag
e
with kernel methods
)
\Fld@listcount=\count344
\c@bookmark@seq@number=\count345
(/home/bttomio/.TinyTeX/texmf-dist/tex/latex/rerunfilecheck/rerunfilecheck.sty
Package: rerunfilecheck 2019/12/05 v1.9 Rerun checks for auxiliary files (HO)
(/home/bttomio/.TinyTeX/texmf-dist/tex/generic/uniquecounter/uniquecounter.sty
Package: uniquecounter 2019/12/15 v1.4 Provide unlimited unique counter (HO)
)
Package uniquecounter Info: New unique counter `rerunfilecheck' on input line 2
86.
)
\Hy@SectionHShift=\skip90
) (/home/bttomio/.TinyTeX/texmf-dist/tex/latex/float/float.sty
Package: float 2001/11/08 v1.3d Float enhancements (AL)
\c@float@type=\count346
\float@exts=\toks45
\float@box=\box125
\@float@everytoks=\toks46
\@floatcapt=\box126
) (/home/bttomio/.TinyTeX/texmf-dist/tex/latex/titlesec/titlesec.sty
Package: titlesec 2021/07/05 v2.14 Sectioning titles
\ttl@box=\box127
\beforetitleunit=\skip91
\aftertitleunit=\skip92
\ttl@plus=\dimen291
\ttl@minus=\dimen292
\ttl@toksa=\toks47
\titlewidth=\dimen293
\titlewidthlast=\dimen294
\titlewidthfirst=\dimen295
) (/home/bttomio/.TinyTeX/texmf-dist/tex/latex/fancyvrb/fancyvrb.sty
Package: fancyvrb 2021/08/12 v3.8 verbatim text (tvz,hv)
\FV@CodeLineNo=\count347
\FV@InFile=\read3
\FV@TabBox=\box128
\c@FancyVerbLine=\count348
\FV@StepNumber=\count349
\FV@OutFile=\write4
) (/home/bttomio/.TinyTeX/texmf-dist/tex/latex/fancyhdr/fancyhdr.sty
Package: fancyhdr 2021/01/28 v4.0.1 Extensive control of page headers and foote
rs
\f@nch@headwidth=\skip93
\f@nch@O@elh=\skip94
\f@nch@O@erh=\skip95
\f@nch@O@olh=\skip96
\f@nch@O@orh=\skip97
\f@nch@O@elf=\skip98
\f@nch@O@erf=\skip99
\f@nch@O@olf=\skip100
\f@nch@O@orf=\skip101
)

Package fancyhdr Warning: \fancyhead's `E' option without twoside option is use
less on input line 146.

(/home/bttomio/.TinyTeX/texmf-dist/tex/latex/biblatex/biblatex.sty
Package: biblatex 2020/12/31 v3.16 programmable bibliographies (PK/MW)
(/home/bttomio/.TinyTeX/texmf-dist/tex/latex/logreq/logreq.sty
Package: logreq 2010/08/04 v1.0 xml request logger
\lrq@indent=\count350
(/home/bttomio/.TinyTeX/texmf-dist/tex/latex/logreq/logreq.def
File: logreq.def 2010/08/04 v1.0 logreq spec v1.0
))
\c@tabx@nest=\count351
\c@listtotal=\count352
\c@listcount=\count353
\c@liststart=\count354
\c@liststop=\count355
\c@citecount=\count356
\c@citetotal=\count357
\c@multicitecount=\count358
\c@multicitetotal=\count359
\c@instcount=\count360
\c@maxnames=\count361
\c@minnames=\count362
\c@maxitems=\count363
\c@minitems=\count364
\c@citecounter=\count365
\c@maxcitecounter=\count366
\c@savedcitecounter=\count367
\c@uniquelist=\count368
\c@uniquename=\count369
\c@refsection=\count370
\c@refsegment=\count371
\c@maxextratitle=\count372
\c@maxextratitleyear=\count373
\c@maxextraname=\count374
\c@maxextradate=\count375
\c@maxextraalpha=\count376
\c@abbrvpenalty=\count377
\c@highnamepenalty=\count378
\c@lownamepenalty=\count379
\c@maxparens=\count380
\c@parenlevel=\count381
\blx@tempcnta=\count382
\blx@tempcntb=\count383
\blx@tempcntc=\count384
\blx@maxsection=\count385
\blx@maxsegment@0=\count386
\blx@notetype=\count387
\blx@parenlevel@text=\count388
\blx@parenlevel@foot=\count389
\blx@sectionciteorder@0=\count390
\blx@entrysetcounter=\count391
\blx@biblioinstance=\count392
\labelnumberwidth=\skip102
\labelalphawidth=\skip103
\biblabelsep=\skip104
\bibitemsep=\skip105
\bibnamesep=\skip106
\bibinitsep=\skip107
\bibparsep=\skip108
\bibhang=\skip109
\blx@bcfin=\read4
\blx@bcfout=\write5
\blx@langwohyphens=\language9
\c@mincomprange=\count393
\c@maxcomprange=\count394
\c@mincompwidth=\count395
Package biblatex Info: Trying to load biblatex default data model...
Package biblatex Info: ... file 'blx-dm.def' found.
(/home/bttomio/.TinyTeX/texmf-dist/tex/latex/biblatex/blx-dm.def
File: blx-dm.def 2020/12/31 v3.16 biblatex localization (PK/MW)
)
Package biblatex Info: Trying to load biblatex style data model...
Package biblatex Info: ... file 'authoryear.dbx' not found.
Package biblatex Info: Trying to load biblatex custom data model...
Package biblatex Info: ... file 'biblatex-dm.cfg' not found.
\c@afterword=\count396
\c@savedafterword=\count397
\c@annotator=\count398
\c@savedannotator=\count399
\c@author=\count400
\c@savedauthor=\count401
\c@bookauthor=\count402
\c@savedbookauthor=\count403
\c@commentator=\count404
\c@savedcommentator=\count405
\c@editor=\count406
\c@savededitor=\count407
\c@editora=\count408
\c@savededitora=\count409
\c@editorb=\count410
\c@savededitorb=\count411
\c@editorc=\count412
\c@savededitorc=\count413
\c@foreword=\count414
\c@savedforeword=\count415
\c@holder=\count416
\c@savedholder=\count417
\c@introduction=\count418
\c@savedintroduction=\count419
\c@namea=\count420
\c@savednamea=\count421
\c@nameb=\count422
\c@savednameb=\count423
\c@namec=\count424
\c@savednamec=\count425
\c@translator=\count426
\c@savedtranslator=\count427
\c@shortauthor=\count428
\c@savedshortauthor=\count429
\c@shorteditor=\count430
\c@savedshorteditor=\count431
\c@labelname=\count432
\c@savedlabelname=\count433
\c@institution=\count434
\c@savedinstitution=\count435
\c@lista=\count436
\c@savedlista=\count437
\c@listb=\count438
\c@savedlistb=\count439
\c@listc=\count440
\c@savedlistc=\count441
\c@listd=\count442
\c@savedlistd=\count443
\c@liste=\count444
\c@savedliste=\count445
\c@listf=\count446
\c@savedlistf=\count447
\c@location=\count448
\c@savedlocation=\count449
\c@organization=\count450
\c@savedorganization=\count451
\c@origlocation=\count452
\c@savedoriglocation=\count453
\c@origpublisher=\count454
\c@savedorigpublisher=\count455
\c@publisher=\count456
\c@savedpublisher=\count457
\c@language=\count458
\c@savedlanguage=\count459
\c@origlanguage=\count460
\c@savedoriglanguage=\count461
\c@pageref=\count462
\c@savedpageref=\count463
\shorthandwidth=\skip110
\shortjournalwidth=\skip111
\shortserieswidth=\skip112
\shorttitlewidth=\skip113
\shortauthorwidth=\skip114
\shorteditorwidth=\skip115
\locallabelnumberwidth=\skip116
\locallabelalphawidth=\skip117
\localshorthandwidth=\skip118
\localshortjournalwidth=\skip119
\localshortserieswidth=\skip120
\localshorttitlewidth=\skip121
\localshortauthorwidth=\skip122
\localshorteditorwidth=\skip123
Package biblatex Info: Trying to load compatibility code...
Package biblatex Info: ... file 'blx-compat.def' found.
(/home/bttomio/.TinyTeX/texmf-dist/tex/latex/biblatex/blx-compat.def
File: blx-compat.def 2020/12/31 v3.16 biblatex compatibility (PK/MW)
)
Package biblatex Info: Trying to load generic definitions...
Package biblatex Info: ... file 'biblatex.def' found.
(/home/bttomio/.TinyTeX/texmf-dist/tex/latex/biblatex/biblatex.def
File: biblatex.def 2020/12/31 v3.16 biblatex compatibility (PK/MW)
\c@textcitecount=\count464
\c@textcitetotal=\count465
\c@textcitemaxnames=\count466
\c@biburlbigbreakpenalty=\count467
\c@biburlbreakpenalty=\count468
\c@biburlnumpenalty=\count469
\c@biburlucpenalty=\count470
\c@biburllcpenalty=\count471
\biburlbigskip=\muskip21
\biburlnumskip=\muskip22
\biburlucskip=\muskip23
\biburllcskip=\muskip24
\c@smartand=\count472
)
Package biblatex Info: Trying to load bibliography style 'authoryear'...
Package biblatex Info: ... file 'authoryear.bbx' found.
(/home/bttomio/.TinyTeX/texmf-dist/tex/latex/biblatex/bbx/authoryear.bbx
File: authoryear.bbx 2020/12/31 v3.16 biblatex bibliography style (PK/MW)
Package biblatex Info: Trying to load bibliography style 'standard'...
Package biblatex Info: ... file 'standard.bbx' found.
(/home/bttomio/.TinyTeX/texmf-dist/tex/latex/biblatex/bbx/standard.bbx
File: standard.bbx 2020/12/31 v3.16 biblatex bibliography style (PK/MW)
\c@bbx:relatedcount=\count473
\c@bbx:relatedtotal=\count474
))
Package biblatex Info: Trying to load citation style 'authoryear'...
Package biblatex Info: ... file 'authoryear.cbx' found.
(/home/bttomio/.TinyTeX/texmf-dist/tex/latex/biblatex/cbx/authoryear.cbx
File: authoryear.cbx 2020/12/31 v3.16 biblatex citation style (PK/MW)
Package biblatex Info: Redefining '\cite'.
Package biblatex Info: Redefining '\parencite'.
Package biblatex Info: Redefining '\footcite'.
Package biblatex Info: Redefining '\footcitetext'.
Package biblatex Info: Redefining '\smartcite'.
Package biblatex Info: Redefining '\textcite'.
Package biblatex Info: Redefining '\textcites'.
)
Package biblatex Info: Trying to load configuration file...
Package biblatex Info: ... file 'biblatex.cfg' found.
(/home/bttomio/.TinyTeX/texmf-dist/tex/latex/biblatex/biblatex.cfg
File: biblatex.cfg 
))
Package csquotes Info: Checking for multilingual support...
Package csquotes Info: ... found 'babel' package.
Package csquotes Info: Adjusting default style.
Package csquotes Info: Redefining alias 'default' -> 'english'.
(./_main.aux (./front-and-back-matter/abbreviations.aux))
\openout1 = `_main.aux'.

LaTeX Font Info:    Checking defaults for OML/cmm/m/it on input line 224.
LaTeX Font Info:    ... okay on input line 224.
LaTeX Font Info:    Checking defaults for OMS/cmsy/m/n on input line 224.
LaTeX Font Info:    ... okay on input line 224.
LaTeX Font Info:    Checking defaults for OT1/cmr/m/n on input line 224.
LaTeX Font Info:    ... okay on input line 224.
LaTeX Font Info:    Checking defaults for T1/cmr/m/n on input line 224.
LaTeX Font Info:    ... okay on input line 224.
LaTeX Font Info:    Checking defaults for TS1/cmr/m/n on input line 224.
LaTeX Font Info:    ... okay on input line 224.
LaTeX Font Info:    Checking defaults for OMX/cmex/m/n on input line 224.
LaTeX Font Info:    ... okay on input line 224.
LaTeX Font Info:    Checking defaults for U/cmr/m/n on input line 224.
LaTeX Font Info:    ... okay on input line 224.
LaTeX Font Info:    Checking defaults for LGR/cmr/m/n on input line 224.
LaTeX Font Info:    Trying to load font information for LGR+cmr on input line 2
24.
(/home/bttomio/.TinyTeX/texmf-dist/tex/latex/cbfonts-fd/lgrcmr.fd
File: lgrcmr.fd 2017/07/29 v1.2 Greek European Computer Regular
)
LaTeX Font Info:    ... okay on input line 224.
LaTeX Font Info:    Checking defaults for PD1/pdf/m/n on input line 224.
LaTeX Font Info:    ... okay on input line 224.
LaTeX Font Info:    Checking defaults for PU/pdf/m/n on input line 224.
LaTeX Font Info:    ... okay on input line 224.
*geometry* driver: auto-detecting
*geometry* detected driver: pdftex
*geometry* verbose mode - [ preamble ] result:
* driver: pdftex
* paper: a4paper
* layout: <same size as paper>
* layoutoffset:(h,v)=(0.0pt,0.0pt)
* modes: includehead 
* h-part:(L,W,R)=(88.2037pt, 421.10046pt, 88.2037pt)
* v-part:(T,H,B)=(71.13188pt, 697.09262pt, 76.82234pt)
* \paperwidth=597.50787pt
* \paperheight=845.04684pt
* \textwidth=421.10046pt
* \textheight=662.33034pt
* \oddsidemargin=15.93372pt
* \evensidemargin=15.93372pt
* \topmargin=-1.1381pt
* \headheight=15.0pt
* \headsep=22.76228pt
* \topskip=12.0pt
* \footskip=34.14322pt
* \marginparwidth=44.0pt
* \marginparsep=10.0pt
* \columnsep=10.0pt
* \skip\footins=10.8pt plus 4.0pt minus 2.0pt
* \hoffset=0.0pt
* \voffset=0.0pt
* \mag=1000
* \@twocolumnfalse
* \@twosidefalse
* \@mparswitchfalse
* \@reversemarginfalse
* (1in=72.27pt=25.4mm, 1cm=28.453pt)

(/home/bttomio/.TinyTeX/texmf-dist/tex/latex/epstopdf-pkg/epstopdf-base.sty
Package: epstopdf-base 2020-01-24 v2.11 Base part for package epstopdf
(/home/bttomio/.TinyTeX/texmf-dist/tex/latex/grfext/grfext.sty
Package: grfext 2019/12/03 v1.3 Manage graphics extensions (HO)
)
Package epstopdf-base Info: Redefining graphics rule for `.eps' on input line 4
85.
Package grfext Info: Graphics extension search list:
(grfext)             [.pdf,.png,.jpg,.mps,.jpeg,.jbig2,.jb2,.PDF,.PNG,.JPG,.JPE
G,.JBIG2,.JB2,.eps]
(grfext)             \AppendGraphicsExtensions on input line 504.
(/home/bttomio/.TinyTeX/texmf-dist/tex/latex/latexconfig/epstopdf-sys.cfg
File: epstopdf-sys.cfg 2010/07/13 v1.3 Configuration of (r)epstopdf for TeX Liv
e
))
LaTeX Info: Redefining \microtypecontext on input line 224.
Package microtype Info: Generating PDF output.
Package microtype Info: Character protrusion enabled (level 2).
Package microtype Info: Using default protrusion set `alltext'.
Package microtype Info: Automatic font expansion enabled (level 2),
(microtype)             stretch: 20, shrink: 20, step: 1, non-selected.
Package microtype Info: Using default expansion set `alltext-nott'.
LaTeX Info: Redefining \showhyphens on input line 224.
Package microtype Info: No adjustment of tracking.
Package microtype Info: No adjustment of interword spacing.
Package microtype Info: No adjustment of character kerning.
(/home/bttomio/.TinyTeX/texmf-dist/tex/latex/microtype/mt-cmr.cfg
File: mt-cmr.cfg 2013/05/19 v2.2 microtype config. file: Computer Modern Roman 
(RS)
)
Package caption Info: Begin \AtBeginDocument code.
Package caption Info: float package is loaded.
Package caption Info: hyperref package is loaded.
Package caption Info: rotating package is loaded.
Package caption Info: threeparttable package is loaded.
Package caption Info: wrapfig package is loaded.
Package caption Info: End \AtBeginDocument code.
(/home/bttomio/.TinyTeX/texmf-dist/tex/latex/greek-fontenc/puenc-greek.def
File: puenc-greek.def 2020/10/18 2.0 Greek LICRs for PDF strings
(/home/bttomio/.TinyTeX/texmf-dist/tex/latex/greek-fontenc/greek-fontenc.def
File: greek-fontenc.def 2020/10/30 2.0 Common Greek font encoding definitions
))
Package hyperref Info: Link coloring ON on input line 224.
(/home/bttomio/.TinyTeX/texmf-dist/tex/latex/hyperref/nameref.sty
Package: nameref 2021-04-02 v2.47 Cross-referencing by name of section
(/home/bttomio/.TinyTeX/texmf-dist/tex/latex/refcount/refcount.sty
Package: refcount 2019/12/15 v3.6 Data extraction from label references (HO)
)
(/home/bttomio/.TinyTeX/texmf-dist/tex/generic/gettitlestring/gettitlestring.st
y
Package: gettitlestring 2019/12/15 v1.6 Cleanup title references (HO)
)
\c@section@level=\count475
)
LaTeX Info: Redefining \ref on input line 224.
LaTeX Info: Redefining \pageref on input line 224.
LaTeX Info: Redefining \nameref on input line 224.
(./_main.out) (./_main.out)
\@outlinefile=\write6
\openout6 = `_main.out'.

Package biblatex Info: Trying to load language 'english'...
Package biblatex Info: ... file 'english.lbx' found.
(/home/bttomio/.TinyTeX/texmf-dist/tex/latex/biblatex/lbx/english.lbx
File: english.lbx 2020/12/31 v3.16 biblatex localization (PK/MW)
)
Package biblatex Info: Trying to load language 'latin'...
Package biblatex Info: ... file 'latin.lbx' not found.

Package biblatex Warning: Language 'latin' not supported.
(biblatex)                Using dummy definitions on input line 224.

Package biblatex Info: Trying to load language 'greek'...
Package biblatex Info: ... file 'greek.lbx' found.
(/home/bttomio/.TinyTeX/texmf-dist/tex/latex/biblatex/lbx/greek.lbx
File: greek.lbx 2020/12/31 v3.16 biblatex localization (PK/MW)
)
Package biblatex Info: Input encoding 'utf8' detected.
Package biblatex Info: Automatic encoding selection.
(biblatex)             Assuming data encoding 'utf8'.
Package biblatex Info: Document encoding is UTF8 ....
Package biblatex Info: ... and expl3
(biblatex)             2021-08-27 L3 programming layer (loader) 
(biblatex)             is new enough (at least 2020/04/06),
(biblatex)             setting 'casechanger=expl3'.
(/home/bttomio/.TinyTeX/texmf-dist/tex/latex/biblatex/blx-case-expl3.sty
Package: blx-case-expl3 2020/12/31 v3.16 expl3 case changing code for biblatex
)
\openout5 = `_main.bcf'.

Package biblatex Info: Trying to load bibliographic data...
Package biblatex Info: ... file '_main.bbl' found.
(./_main.bbl)
Package biblatex Info: Reference section=0 on input line 224.
Package biblatex Info: Reference segment=0 on input line 224.
*geometry* verbose mode - [ newgeometry ] result:
* driver: pdftex
* paper: a4paper
* layout: <same size as paper>
* layoutoffset:(h,v)=(0.0pt,0.0pt)
* modes: 
* h-part:(L,W,R)=(93.89418pt, 409.71951pt, 93.89418pt)
* v-part:(T,H,B)=(93.89418pt, 657.25848pt, 93.89418pt)
* \paperwidth=597.50787pt
* \paperheight=845.04684pt
* \textwidth=409.71951pt
* \textheight=657.25848pt
* \oddsidemargin=21.62419pt
* \evensidemargin=21.62419pt
* \topmargin=-16.13809pt
* \headheight=15.0pt
* \headsep=22.76228pt
* \topskip=12.0pt
* \footskip=34.14322pt
* \marginparwidth=44.0pt
* \marginparsep=10.0pt
* \columnsep=10.0pt
* \skip\footins=10.8pt plus 4.0pt minus 2.0pt
* \hoffset=0.0pt
* \voffset=0.0pt
* \mag=1000
* \@twocolumnfalse
* \@twosidefalse
* \@mparswitchfalse
* \@reversemarginfalse
* (1in=72.27pt=25.4mm, 1cm=28.453pt)

LaTeX Font Info:    Trying to load font information for T1+lmtt on input line 2
70.
(/home/bttomio/.TinyTeX/texmf-dist/tex/latex/lm/t1lmtt.fd
File: t1lmtt.fd 2015/05/01 v1.6.1 Font defs for Latin Modern
)
LaTeX Font Info:    Font shape `T1/lmtt/bx/n' in size <17.28> not available
(Font)              Font shape `T1/lmtt/b/n' tried instead on input line 270.
Package microtype Info: Loading generic protrusion settings for font family
(microtype)             `lmtt' (encoding: T1).
(microtype)             For optimal results, create family-specific settings.
(microtype)             See the microtype manual for details.
LaTeX Font Info:    Trying to load font information for OT1+lmr on input line 2
71.
(/home/bttomio/.TinyTeX/texmf-dist/tex/latex/lm/ot1lmr.fd
File: ot1lmr.fd 2015/05/01 v1.6.1 Font defs for Latin Modern
)
LaTeX Font Info:    Trying to load font information for OML+lmm on input line 2
71.
(/home/bttomio/.TinyTeX/texmf-dist/tex/latex/lm/omllmm.fd
File: omllmm.fd 2015/05/01 v1.6.1 Font defs for Latin Modern
)
LaTeX Font Info:    Trying to load font information for OMS+lmsy on input line 
271.
(/home/bttomio/.TinyTeX/texmf-dist/tex/latex/lm/omslmsy.fd
File: omslmsy.fd 2015/05/01 v1.6.1 Font defs for Latin Modern
)
LaTeX Font Info:    Trying to load font information for OMX+lmex on input line 
271.
(/home/bttomio/.TinyTeX/texmf-dist/tex/latex/lm/omxlmex.fd
File: omxlmex.fd 2015/05/01 v1.6.1 Font defs for Latin Modern
)
LaTeX Font Info:    External font `lmex10' loaded for size
(Font)              <12> on input line 271.
LaTeX Font Info:    External font `lmex10' loaded for size
(Font)              <8> on input line 271.
LaTeX Font Info:    External font `lmex10' loaded for size
(Font)              <6> on input line 271.
LaTeX Font Info:    Trying to load font information for U+msa on input line 271
.
(/home/bttomio/.TinyTeX/texmf-dist/tex/latex/amsfonts/umsa.fd
File: umsa.fd 2013/01/14 v3.01 AMS symbols A
) (/home/bttomio/.TinyTeX/texmf-dist/tex/latex/microtype/mt-msa.cfg
File: mt-msa.cfg 2006/02/04 v1.1 microtype config. file: AMS symbols (a) (RS)
)
LaTeX Font Info:    Trying to load font information for U+msb on input line 271
.
(/home/bttomio/.TinyTeX/texmf-dist/tex/latex/amsfonts/umsb.fd
File: umsb.fd 2013/01/14 v3.01 AMS symbols B
) (/home/bttomio/.TinyTeX/texmf-dist/tex/latex/microtype/mt-msb.cfg
File: mt-msb.cfg 2005/06/01 v1.0 microtype config. file: AMS symbols (b) (RS)
) [1



{/home/bttomio/.TinyTeX/texmf-var/fonts/map/pdftex/updmap/pdftex.map}]
LaTeX Font Info:    Font shape `T1/lmtt/bx/n' in size <20.74> not available
(Font)              Font shape `T1/lmtt/b/n' tried instead on input line 284.
<templates/beltcrest.pdf, id=167, 116.435pt x 139.52126pt>
File: templates/beltcrest.pdf Graphic file (type pdf)
<use templates/beltcrest.pdf>
Package pdftex.def Info: templates/beltcrest.pdf  used on input line 284.
(pdftex.def)             Requested size: 116.43471pt x 139.5209pt.
[1



 <./templates/beltcrest.pdf>] [2

]
LaTeX Font Info:    Trying to load font information for T1+put on input line 29
1.
(/home/bttomio/.TinyTeX/texmf-dist/tex/latex/psnfss/t1put.fd
File: t1put.fd 2001/06/04 font definitions for T1/put.
)
Package microtype Info: Loading generic protrusion settings for font family
(microtype)             `put' (encoding: T1).
(microtype)             For optimal results, create family-specific settings.
(microtype)             See the microtype manual for details.
[3


] [4


]
Package minitoc Info: I0024
(minitoc)             PREPARING MINITOCS FROM _main.toc on input line 322.
Package minitoc Info: I0033
(minitoc)             Writing _main.mtc1.
\openout3 = `_main.mtc1'.

Package minitoc Info: I0033
(minitoc)             Writing _main.mtc2.
\openout3 = `_main.mtc2'.

Package minitoc Info: I0033
(minitoc)             Writing _main.mtc3.
\openout3 = `_main.mtc3'.

Package minitoc Info: I0033
(minitoc)             Writing _main.mtc4.
\openout3 = `_main.mtc4'.

Package minitoc Info: I0033
(minitoc)             Writing _main.mtc5.
\openout3 = `_main.mtc5'.

Package minitoc Info: I0033
(minitoc)             Writing _main.mtc6.
\openout3 = `_main.mtc6'.

Package minitoc Info: I0033
(minitoc)             Writing _main.mtc7.
\openout3 = `_main.mtc7'.

Package minitoc Info: I0033
(minitoc)             Writing _main.mtc8.
\openout3 = `_main.mtc8'.

Package minitoc Info: I0033
(minitoc)             Writing _main.mtc9.
\openout3 = `_main.mtc9'.

Package minitoc Info: I0033
(minitoc)             Writing _main.mtc10.
\openout3 = `_main.mtc10'.

Package minitoc Info: I0033
(minitoc)             Writing _main.mtc11.
\openout3 = `_main.mtc11'.

Package minitoc Info: I0033
(minitoc)             Writing _main.mtc12.
\openout3 = `_main.mtc12'.

Package minitoc Info: I0033
(minitoc)             Writing _main.mtc13.
\openout3 = `_main.mtc13'.

Package minitoc Info: I0033
(minitoc)             Writing _main.mtc14.
\openout3 = `_main.mtc14'.

(./_main.toc [5

])
\tf@toc=\write7
\openout7 = `_main.toc'.

[6] (./_main.lof)
\tf@lof=\write8
\openout8 = `_main.lof'.

[7

] (./_main.lot)
\tf@lot=\write9
\openout9 = `_main.lot'.

[8

]
\openout2 = `front-and-back-matter/abbreviations.aux'.

(./front-and-back-matter/abbreviations.tex) [9


]

Package hyperref Warning: The anchor of a bookmark and its parent's must not
(hyperref)                be the same. Added a new anchor on input line 368.

pdfTeX warning (ext4): destination with the same identifier (name{page.1}) has 
been already used, duplicate ignored
<to be read again> 
                   \relax 
l.375 
       [1




] [2]
Chapter 1.
\openout3 = `_main.mtc'.

\openout3 = `_main.mtc'.

LaTeX Font Info:    External font `lmex10' loaded for size
(Font)              <10.95> on input line 397.
(./_main.mtc5) [3

]
LaTeX Font Info:    Trying to load font information for TS1+lmr on input line 4
19.
(/home/bttomio/.TinyTeX/texmf-dist/tex/latex/lm/ts1lmr.fd
File: ts1lmr.fd 2015/05/01 v1.6.1 Font defs for Latin Modern
)
LaTeX Font Info:    Trying to load font information for TS1+lmtt on input line 
432.
(/home/bttomio/.TinyTeX/texmf-dist/tex/latex/lm/ts1lmtt.fd
File: ts1lmtt.fd 2015/05/01 v1.6.1 Font defs for Latin Modern
)
Package microtype Info: Loading generic protrusion settings for font family
(microtype)             `lmtt' (encoding: TS1).
(microtype)             For optimal results, create family-specific settings.
(microtype)             See the microtype manual for details.
Package microtype Info: Character `texttrademark ' is missing
(microtype)             in font `TS1/lmtt/m/n/12'.
(microtype)             Ignoring protrusion settings for this character.
[4]
Overfull \hbox (44.0642pt too wide) in paragraph at lines 491--492
[]\T1/lmr/m/n/12 (-20) In PDF out-put, a level-five head-ing will turn into a p
ara-graph head-ing, i.e. \T1/lmtt/m/n/12 \paragraph{My
 []

[5]
Overfull \hbox (42.16237pt too wide) in paragraph at lines 569--570
\T1/lmr/m/n/12 (-20) link in \T1/lmtt/m/n/12 [square brackets followed by a](ht
tps://hyperlink-in-parentheses) 
 []

LaTeX Font Info:    External font `lmex10' loaded for size
(Font)              <10> on input line 578.
LaTeX Font Info:    External font `lmex10' loaded for size
(Font)              <7> on input line 578.
LaTeX Font Info:    External font `lmex10' loaded for size
(Font)              <5> on input line 578.
[6]
LaTeX Font Info:    Font shape `T1/lmtt/bx/n' in size <12> not available
(Font)              Font shape `T1/lmtt/b/n' tried instead on input line 604.
[7]
<figures/sample-content/chunk-parts.png, id=401, 1366.10374pt x 518.93875pt>
File: figures/sample-content/chunk-parts.png Graphic file (type png)
<use figures/sample-content/chunk-parts.png>
Package pdftex.def Info: figures/sample-content/chunk-parts.png  used on input 
line 629.
(pdftex.def)             Requested size: 421.10046pt x 159.95874pt.
[8 <./figures/sample-content/chunk-parts.png>]
<figures/sample-content/beltcrest.png, id=415, 116.3547pt x 139.4811pt>
File: figures/sample-content/beltcrest.png Graphic file (type png)
<use figures/sample-content/beltcrest.png>
Package pdftex.def Info: figures/sample-content/beltcrest.png  used on input li
ne 679.
(pdftex.def)             Requested size: 210.55023pt x 252.4215pt.
[9]
File: figures/sample-content/beltcrest.png Graphic file (type png)
<use figures/sample-content/beltcrest.png>
Package pdftex.def Info: figures/sample-content/beltcrest.png  used on input li
ne 718.
(pdftex.def)             Requested size: 210.55023pt x 252.4215pt.
<_main_files/figure-latex/cars-plot-1.pdf, id=426, 459.7175pt x 316.18124pt>
File: _main_files/figure-latex/cars-plot-1.pdf Graphic file (type pdf)
<use _main_files/figure-latex/cars-plot-1.pdf>
Package pdftex.def Info: _main_files/figure-latex/cars-plot-1.pdf  used on inpu
t line 742.
(pdftex.def)             Requested size: 459.71637pt x 316.18047pt.

Overfull \hbox (38.6159pt too wide) in paragraph at lines 742--743
 [][] 
 []

[10 <./figures/sample-content/beltcrest.png>] [11 <./_main_files/figure-latex/c
ars-plot-1.pdf>] [12]
File: figures/sample-content/beltcrest.png Graphic file (type png)
<use figures/sample-content/beltcrest.png>
Package pdftex.def Info: figures/sample-content/beltcrest.png  used on input li
ne 810.
(pdftex.def)             Requested size: 210.55023pt x 252.4215pt.
[13] [14]
Chapter 2.
\openout3 = `_main.mtc'.

\openout3 = `_main.mtc'.

(./_main.mtc6) [15

] [16] [17]
LaTeX Font Info:    Font shape `T1/lmtt/bx/n' in size <14.4> not available
(Font)              Font shape `T1/lmtt/b/n' tried instead on input line 938.
<figures/sample-content/citr.png, id=524, 707.14188pt x 617.80812pt>
File: figures/sample-content/citr.png Graphic file (type png)
<use figures/sample-content/citr.png>
Package pdftex.def Info: figures/sample-content/citr.png  used on input line 94
5.
(pdftex.def)             Requested size: 336.88165pt x 294.32918pt.
[18

 <./figures/sample-content/citr.png>]
Overfull \hbox (70.86906pt too wide) in paragraph at lines 971--973
[]\T1/lmr/m/n/12 (-20) So if we write \T1/lmtt/m/n/12 Remember what we wrote up
 in [the previous section](#citations)? 
 []

<figures/sample-content/captain.jpeg, id=537, 501.875pt x 510.90875pt>
File: figures/sample-content/captain.jpeg Graphic file (type jpg)
<use figures/sample-content/captain.jpeg>
Package pdftex.def Info: figures/sample-content/captain.jpeg  used on input lin
e 1005.
(pdftex.def)             Requested size: 273.71272pt x 278.65413pt.
[19] [20 <./figures/sample-content/captain.jpeg>]
Overfull \hbox (1.58688pt too wide) in paragraph at lines 1072--1074
[]\T1/lmr/m/n/12 (-20) This: \T1/lmtt/m/n/12 Figure \@ref(fig:cars-plot) on pag
e \pageref(fig:cars-plot) 
 []


Overfull \hbox (49.56459pt too wide) in paragraph at lines 1087--1089
[]\T1/lmr/m/n/12 (-20) So this: \TS1/lmtt/m/n/12 `\T1/lmtt/m/n/12 r ifelse(knit
r::is_latex_output(), "Figure \\@ref(fig:cars-plot)
 []

[21]
Overfull \hbox (20.46623pt too wide) in paragraph at lines 1111--1113
[]\T1/lmr/m/it/12 (-20) R Mark-down: The Defini-tive Guide \T1/lmr/m/n/12 (-20)
 - [][]$\T1/lmtt/m/n/12 https : / / bookdown . org / yihui / rmarkdown/$[][] 
 []

[22]
Chapter 3.
\openout3 = `_main.mtc'.

\openout3 = `_main.mtc'.

(./_main.mtc7) [23

]
Overfull \hbox (58.88057pt too wide) in paragraph at lines 1145--1158
[][] 
 []


Overfull \hbox (63.2805pt too wide) in paragraph at lines 1170--1187
[][] 
 []

[24] [25] [26]
Overfull \hbox (57.3489pt too wide) in alignment at lines 1333--1337
 [] [] [] [] [] [] [] [] [] [] [] [] 
 []


Overfull \hbox (57.3489pt too wide) in alignment at lines 1337--1342
 [] [] [] [] [] [] [] [] [] [] [] [] 
 []


Overfull \hbox (57.3489pt too wide) in alignment at lines 1342--1344
 [] [] [] [] [] [] [] [] [] [] [] [] 
 []


Overfull \hbox (57.3489pt too wide) in alignment at lines 1344--1346
 [] [] [] [] [] [] [] [] [] [] [] [] 
 []


Overfull \hbox (57.3489pt too wide) in alignment at lines 1346--1423
 [] [] [] [] [] [] [] [] [] [] [] [] 
 []

[27] [28] [29] [30] [31

] [32] [33]
<figures/sample-content/latex_font_sizes.png, id=654, 322.20375pt x 241.90375pt
>
File: figures/sample-content/latex_font_sizes.png Graphic file (type png)
<use figures/sample-content/latex_font_sizes.png>
Package pdftex.def Info: figures/sample-content/latex_font_sizes.png  used on i
nput line 1646.
(pdftex.def)             Requested size: 210.55023pt x 158.08084pt.
[34

 <./figures/sample-content/latex_font_sizes.png>] [35] [36]
Chapter 4.
\openout3 = `_main.mtc'.

\openout3 = `_main.mtc'.

(./_main.mtc8
Overfull \hbox (6.61885pt too wide) in paragraph at lines 11--11
 [][] [][][]\T1/lmr/bx/n/10.95 (-20) Apply cus-tom font color and high-light-in
g to text (HTML 
 []

) [37

]
Overfull \hbox (46.96477pt too wide) in paragraph at lines 1800--1801
\T1/lmtt/m/n/12 captain-image, fig.cap="A very long and descriptive (and potent
ially boring)
 []


Overfull \hbox (4.666pt too wide) in paragraph at lines 1800--1801
\T1/lmtt/m/n/12 caption that doesn\TS1/lmtt/m/n/12 '\T1/lmtt/m/n/12 t fit in th
e list of figures, but helps the reader
 []


Overfull \hbox (35.84976pt too wide) in paragraph at lines 1800--1801
\T1/lmtt/m/n/12 understand what the figure communicates.", fig.scap="A concise 
description
 []

[38]
Overfull \hbox (68.68103pt too wide) in paragraph at lines 1858--1860
\T1/lmtt/m/n/12 author name"\T1/lmr/m/n/12 (-20) . You will also want to add th
e chunk op-tion \T1/lmtt/m/n/12 include=knitr::is_latex_output()
 []

[39] [40]
Underfull \hbox (badness 10000) in paragraph at lines 1912--1914

 []


Overfull \hbox (63.72414pt too wide) in paragraph at lines 1935--1937
\T1/lmtt/m/n/12 black highlighting and yellow font]{highlight="black" color="ye
llow"} 
 []

[41]
Package microtype Info: Character `texttrademark ' is missing
(microtype)             in font `TS1/lmtt/m/it/12'.
(microtype)             Ignoring protrusion settings for this character.
[42] [43]
<figures/sample-content/pdf_embed_example/split/_000000000000001.pdf, id=772, 6
14.295pt x 794.97pt>
File: figures/sample-content/pdf_embed_example/split/_000000000000001.pdf Graph
ic file (type pdf)
<use figures/sample-content/pdf_embed_example/split/_000000000000001.pdf>
Package pdftex.def Info: figures/sample-content/pdf_embed_example/split/_000000
000000001.pdf  used on input line 1987.
(pdftex.def)             Requested size: 505.31926pt x 653.9539pt.
[44 <./figures/sample-content/pdf_embed_example/split/_000000000000001.pdf>]
<figures/sample-content/pdf_embed_example/split/_000000000000011.pdf, id=829, 6
14.295pt x 794.97pt>
File: figures/sample-content/pdf_embed_example/split/_000000000000011.pdf Graph
ic file (type pdf)
<use figures/sample-content/pdf_embed_example/split/_000000000000011.pdf>
Package pdftex.def Info: figures/sample-content/pdf_embed_example/split/_000000
000000011.pdf  used on input line 1987.
(pdftex.def)             Requested size: 505.31926pt x 653.9539pt.

Underfull \vbox (badness 10000) has occurred while \output is active []

[45 <./figures/sample-content/pdf_embed_example/split/_000000000000011.pdf>] [4
6]

LaTeX Font Warning: Font shape `T1/lmtt/bx/it' in size <12> not available
(Font)              Font shape `T1/lmtt/b/sl' tried instead on input line 2043.



LaTeX Font Warning: Font shape `TS1/lmtt/bx/it' in size <12> not available
(Font)              Font shape `TS1/lmtt/b/sl' tried instead on input line 2043
.

Package microtype Info: Character `texttrademark ' is missing
(microtype)             in font `TS1/lmtt/b/sl/12'.
(microtype)             Ignoring protrusion settings for this character.
[47]
Overfull \hbox (78.97482pt too wide) in paragraph at lines 2097--2099
[]\T1/lmr/m/n/12 (-20) To avoid this, first \T1/lmr/m/it/12 (-20) in-cre-ment a
ll head-ing lev-els by one in \T1/lmr/bx/it/12 (-20) pa-per_to_include/my_paper
.Rmd
 []

[48] [49] [50] [51] [52]
Overfull \hbox (33.69821pt too wide) in paragraph at lines 2294--2297
\T1/lmr/m/n/12 (-20) which ad-di-tional cus-tomi-sa-tion op-tions are avail-abl
e as well as \T1/lmr/bx/n/12 (-20) tem-plates/ociamthesis.cls
 []


Underfull \vbox (badness 10000) has occurred while \output is active []

[53]
<figures/sample-content/alt_frontmatter_example/split/_000001.pdf, id=942, 597.
50829pt x 845.0471pt>
File: figures/sample-content/alt_frontmatter_example/split/_000001.pdf Graphic 
file (type pdf)
<use figures/sample-content/alt_frontmatter_example/split/_000001.pdf>
Package pdftex.def Info: figures/sample-content/alt_frontmatter_example/split/_
000001.pdf  used on input line 2326.
(pdftex.def)             Requested size: 134.75522pt x 190.57869pt.
<figures/sample-content/alt_frontmatter_example/split/_000002.pdf, id=943, 597.
50829pt x 845.0471pt>
File: figures/sample-content/alt_frontmatter_example/split/_000002.pdf Graphic 
file (type pdf)
<use figures/sample-content/alt_frontmatter_example/split/_000002.pdf>
Package pdftex.def Info: figures/sample-content/alt_frontmatter_example/split/_
000002.pdf  used on input line 2326.
(pdftex.def)             Requested size: 134.75522pt x 190.57869pt.
<figures/sample-content/alt_frontmatter_example/split/_000003.pdf, id=944, 597.
50829pt x 845.0471pt>
File: figures/sample-content/alt_frontmatter_example/split/_000003.pdf Graphic 
file (type pdf)
<use figures/sample-content/alt_frontmatter_example/split/_000003.pdf>
Package pdftex.def Info: figures/sample-content/alt_frontmatter_example/split/_
000003.pdf  used on input line 2326.
(pdftex.def)             Requested size: 134.75522pt x 190.57869pt.
<figures/sample-content/alt_frontmatter_example/split/_000004.pdf, id=945, 597.
50829pt x 845.0471pt>
File: figures/sample-content/alt_frontmatter_example/split/_000004.pdf Graphic 
file (type pdf)
<use figures/sample-content/alt_frontmatter_example/split/_000004.pdf>
Package pdftex.def Info: figures/sample-content/alt_frontmatter_example/split/_
000004.pdf  used on input line 2326.
(pdftex.def)             Requested size: 134.75522pt x 190.57869pt.
<figures/sample-content/alt_frontmatter_example/split/_000005.pdf, id=946, 597.
50829pt x 845.0471pt>
File: figures/sample-content/alt_frontmatter_example/split/_000005.pdf Graphic 
file (type pdf)
<use figures/sample-content/alt_frontmatter_example/split/_000005.pdf>
Package pdftex.def Info: figures/sample-content/alt_frontmatter_example/split/_
000005.pdf  used on input line 2326.
(pdftex.def)             Requested size: 134.75522pt x 190.57869pt.
<figures/sample-content/alt_frontmatter_example/split/_000006.pdf, id=947, 597.
50829pt x 845.0471pt>
File: figures/sample-content/alt_frontmatter_example/split/_000006.pdf Graphic 
file (type pdf)
<use figures/sample-content/alt_frontmatter_example/split/_000006.pdf>
Package pdftex.def Info: figures/sample-content/alt_frontmatter_example/split/_
000006.pdf  used on input line 2326.
(pdftex.def)             Requested size: 134.75522pt x 190.57869pt.

Overfull \hbox (8.7873pt too wide) in paragraph at lines 2325--2327
[] [] []
 []


Overfull \hbox (8.7873pt too wide) in paragraph at lines 2325--2327
[] [] [] 
 []

[54] [55 <./figures/sample-content/alt_frontmatter_example/split/_000001.pdf> <
./figures/sample-content/alt_frontmatter_example/split/_000002.pdf> <./figures/
sample-content/alt_frontmatter_example/split/_000003.pdf> <./figures/sample-con
tent/alt_frontmatter_example/split/_000004.pdf> <./figures/sample-content/alt_f
rontmatter_example/split/_000005.pdf> <./figures/sample-content/alt_frontmatter
_example/split/_000006.pdf>]
Chapter 5.

Overfull \hbox (51.77072pt too wide) in paragraph at lines 2344--2346
[]\T1/lmr/m/n/12 (-20) type \T1/lmtt/m/n/12 make clean-knits \T1/lmr/m/n/12 (-2
0) in the ter-mi-nal tab (or run \T1/lmtt/m/n/12 file.remove(list.files(pattern

 []

[56

] [57]

Package hyperref Warning: The anchor of a bookmark and its parent's must not
(hyperref)                be the same. Added a new anchor on input line 2387.

[58

] [59

]
Appendix A.
[60

]
Appendix B.
[61

]
Package microtype Info: Character `029' is missing
(microtype)             in font `T1/lmr/m/sc/10.95'.
(microtype)             Ignoring protrusion settings for this character.
Package minitoc Info: I0009
(minitoc)             Listing minitoc auxiliary files. 
(minitoc)             Creating the _main.maf file.
\openout3 = `_main.maf'.

[62

] (./_main.aux (./front-and-back-matter/abbreviations.aux))
Package rerunfilecheck Info: File `_main.out' has not changed.
(rerunfilecheck)             Checksum: 96FDEA6EF609E80C42AD210D331932B7;7347.
Package logreq Info: Writing requests to '_main.run.xml'.
\openout1 = `_main.run.xml'.

 ) 
Here is how much of TeX's memory you used:
 30859 strings out of 480466
 523701 string characters out of 5900209
 1395815 words of memory out of 5000000
 47142 multiletter control sequences out of 15000+600000
 547791 words of font info for 249 fonts, out of 8000000 for 9000
 59 hyphenation exceptions out of 8191
 72i,12n,81p,763b,2154s stack positions out of 5000i,500n,10000p,200000b,80000s
pdfTeX warning (dest): name{tab:cars-table} has been referenced but does not 
exist, replaced by a fixed one

pdfTeX warning (dest): name{tab:cars-table2} has been referenced but does not e
xist, replaced by a fixed one

pdfTeX warning (dest): name{fig:cars-plot} has been referenced but does not exi
st, replaced by a fixed one

pdfTeX warning (dest): name{fig:captain} has been referenced but does not exist
, replaced by a fixed one

{/home/bttomio/.TinyTeX/texmf-dist/fonts/enc/dvips/lm/lm-ec.enc}{/home/bttomio/
.TinyTeX/texmf-dist/fonts/enc/dvips/lm/lm-ts1.enc}{/home/bttomio/.TinyTeX/texmf
-dist/fonts/enc/dvips/lm/lm-mathsy.enc}{/home/bttomio/.TinyTeX/texmf-dist/fonts
/enc/dvips/lm/lm-mathit.enc}{/home/bttomio/.TinyTeX/texmf-dist/fonts/enc/dvips/
lm/lm-mathex.enc}{/home/bttomio/.TinyTeX/texmf-dist/fonts/enc/dvips/lm/lm-rm.en
c}{/home/bttomio/.TinyTeX/texmf-dist/fonts/enc/dvips/base/8r.enc}</home/bttomio
/.TinyTeX/texmf-dist/fonts/type1/public/amsfonts/cm/cmmi10.pfb></home/bttomio/.
TinyTeX/texmf-dist/fonts/type1/public/amsfonts/cm/cmsy10.pfb></home/bttomio/.Ti
nyTeX/texmf-dist/fonts/type1/public/lm/lmbx10.pfb></home/bttomio/.TinyTeX/texmf
-dist/fonts/type1/public/lm/lmbx12.pfb></home/bttomio/.TinyTeX/texmf-dist/fonts
/type1/public/lm/lmbxi10.pfb></home/bttomio/.TinyTeX/texmf-dist/fonts/type1/pub
lic/lm/lmcsc10.pfb></home/bttomio/.TinyTeX/texmf-dist/fonts/type1/public/lm/lme
x10.pfb></home/bttomio/.TinyTeX/texmf-dist/fonts/type1/public/lm/lmmi12.pfb></h
ome/bttomio/.TinyTeX/texmf-dist/fonts/type1/public/lm/lmmi8.pfb></home/bttomio/
.TinyTeX/texmf-dist/fonts/type1/public/lm/lmr10.pfb></home/bttomio/.TinyTeX/tex
mf-dist/fonts/type1/public/lm/lmr12.pfb></home/bttomio/.TinyTeX/texmf-dist/font
s/type1/public/lm/lmr17.pfb></home/bttomio/.TinyTeX/texmf-dist/fonts/type1/publ
ic/lm/lmr7.pfb></home/bttomio/.TinyTeX/texmf-dist/fonts/type1/public/lm/lmr8.pf
b></home/bttomio/.TinyTeX/texmf-dist/fonts/type1/public/lm/lmr9.pfb></home/btto
mio/.TinyTeX/texmf-dist/fonts/type1/public/lm/lmri10.pfb></home/bttomio/.TinyTe
X/texmf-dist/fonts/type1/public/lm/lmri12.pfb></home/bttomio/.TinyTeX/texmf-dis
t/fonts/type1/public/lm/lmri8.pfb></home/bttomio/.TinyTeX/texmf-dist/fonts/type
1/public/lm/lmri9.pfb></home/bttomio/.TinyTeX/texmf-dist/fonts/type1/public/lm/
lmro10.pfb></home/bttomio/.TinyTeX/texmf-dist/fonts/type1/public/lm/lmsy10.pfb>
</home/bttomio/.TinyTeX/texmf-dist/fonts/type1/public/lm/lmsy8.pfb></home/bttom
io/.TinyTeX/texmf-dist/fonts/type1/public/lm/lmtk10.pfb></home/bttomio/.TinyTeX
/texmf-dist/fonts/type1/public/lm/lmtko10.pfb></home/bttomio/.TinyTeX/texmf-dis
t/fonts/type1/public/lm/lmtt10.pfb></home/bttomio/.TinyTeX/texmf-dist/fonts/typ
e1/public/lm/lmtt12.pfb></home/bttomio/.TinyTeX/texmf-dist/fonts/type1/public/l
m/lmtti10.pfb></home/bttomio/.TinyTeX/texmf-dist/fonts/type1/adobe/utopia/putb8
a.pfb></home/bttomio/.TinyTeX/texmf-dist/fonts/type1/urw/helvetic/uhvb8a.pfb></
home/bttomio/.TinyTeX/texmf-dist/fonts/type1/urw/times/utmb8a.pfb></home/bttomi
o/.TinyTeX/texmf-dist/fonts/type1/urw/times/utmr8a.pfb></home/bttomio/.TinyTeX/
texmf-dist/fonts/type1/urw/times/utmri8a.pfb>
Output written on _main.pdf (72 pages, 3342106 bytes).
PDF statistics:
 1253 PDF objects out of 1440 (max. 8388607)
 1054 compressed objects within 11 object streams
 287 named destinations out of 1000 (max. 500000)
 77180 words of extra memory for PDF output out of 89155 (max. 10000000)

